-------------------------------------------------------------------------------
Test set: cpsc326.LexerTest
-------------------------------------------------------------------------------
Tests run: 61, Failures: 4, Errors: 0, Skipped: 0, Time elapsed: 0.057 s <<< FAILURE! -- in cpsc326.LexerTest
cpsc326.LexerTest.commentOnlyInputProducesOnlyEof -- Time elapsed: 0.014 s
cpsc326.LexerTest.decimalEdgeCasesMatchCurrentImplementation -- Time elapsed: 0 s
cpsc326.LexerTest.underscoreCannotStartIdentifierInCurrentLexer -- Time elapsed: 0.002 s <<< FAILURE!
org.opentest4j.AssertionFailedError: expected: <true> but was: <false>
	at org.junit.jupiter.api.AssertionFailureBuilder.build(AssertionFailureBuilder.java:151)
	at org.junit.jupiter.api.AssertionFailureBuilder.buildAndThrow(AssertionFailureBuilder.java:132)
	at org.junit.jupiter.api.AssertTrue.failNotTrue(AssertTrue.java:63)
	at org.junit.jupiter.api.AssertTrue.assertTrue(AssertTrue.java:36)
	at org.junit.jupiter.api.AssertTrue.assertTrue(AssertTrue.java:31)
	at org.junit.jupiter.api.Assertions.assertTrue(Assertions.java:183)
	at cpsc326.LexerTest.underscoreCannotStartIdentifierInCurrentLexer(LexerTest.java:527)
	at java.base/java.lang.reflect.Method.invoke(Method.java:565)
	at java.base/java.util.ArrayList.forEach(ArrayList.java:1604)
	at java.base/java.util.ArrayList.forEach(ArrayList.java:1604)

cpsc326.LexerTest.bangToken -- Time elapsed: 0 s
cpsc326.LexerTest.unterminatedStringReportsErrorAndStillEndsWithEof -- Time elapsed: 0.001 s <<< FAILURE!
org.opentest4j.AssertionFailedError: expected: <true> but was: <false>
	at org.junit.jupiter.api.AssertionFailureBuilder.build(AssertionFailureBuilder.java:151)
	at org.junit.jupiter.api.AssertionFailureBuilder.buildAndThrow(AssertionFailureBuilder.java:132)
	at org.junit.jupiter.api.AssertTrue.failNotTrue(AssertTrue.java:63)
	at org.junit.jupiter.api.AssertTrue.assertTrue(AssertTrue.java:36)
	at org.junit.jupiter.api.AssertTrue.assertTrue(AssertTrue.java:31)
	at org.junit.jupiter.api.Assertions.assertTrue(Assertions.java:183)
	at cpsc326.LexerTest.unterminatedStringReportsErrorAndStillEndsWithEof(LexerTest.java:478)
	at java.base/java.lang.reflect.Method.invoke(Method.java:565)
	at java.base/java.util.ArrayList.forEach(ArrayList.java:1604)
	at java.base/java.util.ArrayList.forEach(ArrayList.java:1604)

cpsc326.LexerTest.bangEqualToken -- Time elapsed: 0 s
cpsc326.LexerTest.rightParenToken -- Time elapsed: 0 s
cpsc326.LexerTest.complexProgramTokenization -- Time elapsed: 0.001 s
cpsc326.LexerTest.stringToken -- Time elapsed: 0 s
cpsc326.LexerTest.returnToken -- Time elapsed: 0.001 s
cpsc326.LexerTest.plusToken -- Time elapsed: 0 s
cpsc326.LexerTest.greaterToken -- Time elapsed: 0.001 s
cpsc326.LexerTest.varToken -- Time elapsed: 0 s
cpsc326.LexerTest.orToken -- Time elapsed: 0 s
cpsc326.LexerTest.rightBraceToken -- Time elapsed: 0.001 s
cpsc326.LexerTest.doubleCharacterOperatorMatchingIsGreedy -- Time elapsed: 0 s
cpsc326.LexerTest.elseToken -- Time elapsed: 0 s
cpsc326.LexerTest.andToken -- Time elapsed: 0 s
cpsc326.LexerTest.falseToken -- Time elapsed: 0 s
cpsc326.LexerTest.identifierMayContainDigitsAfterFirstCharacter -- Time elapsed: 0 s
cpsc326.LexerTest.thisToken -- Time elapsed: 0 s
cpsc326.LexerTest.unterminatedMultilineStringReportsFinalLineAndStillEndsWithEof -- Time elapsed: 0 s <<< FAILURE!
org.opentest4j.AssertionFailedError: expected: <true> but was: <false>
	at org.junit.jupiter.api.AssertionFailureBuilder.build(AssertionFailureBuilder.java:151)
	at org.junit.jupiter.api.AssertionFailureBuilder.buildAndThrow(AssertionFailureBuilder.java:132)
	at org.junit.jupiter.api.AssertTrue.failNotTrue(AssertTrue.java:63)
	at org.junit.jupiter.api.AssertTrue.assertTrue(AssertTrue.java:36)
	at org.junit.jupiter.api.AssertTrue.assertTrue(AssertTrue.java:31)
	at org.junit.jupiter.api.Assertions.assertTrue(Assertions.java:183)
	at cpsc326.LexerTest.unterminatedMultilineStringReportsFinalLineAndStillEndsWithEof(LexerTest.java:494)
	at java.base/java.lang.reflect.Method.invoke(Method.java:565)
	at java.base/java.util.ArrayList.forEach(ArrayList.java:1604)
	at java.base/java.util.ArrayList.forEach(ArrayList.java:1604)

cpsc326.LexerTest.splitOperatorsWithWhitespaceStaySeparate -- Time elapsed: 0 s
cpsc326.LexerTest.eofTokenOnEmptyInput -- Time elapsed: 0 s
cpsc326.LexerTest.commentAtEndOfFileWithoutTrailingNewlineIsSkipped -- Time elapsed: 0.001 s
cpsc326.LexerTest.greaterEqualToken -- Time elapsed: 0 s
cpsc326.LexerTest.hashInsideStringDoesNotStartComment -- Time elapsed: 0.001 s
cpsc326.LexerTest.printToken -- Time elapsed: 0 s
cpsc326.LexerTest.multilineStringAdvancesLineCounter -- Time elapsed: 0.001 s
cpsc326.LexerTest.nilToken -- Time elapsed: 0 s
cpsc326.LexerTest.lessToken -- Time elapsed: 0 s
cpsc326.LexerTest.equalToken -- Time elapsed: 0 s
cpsc326.LexerTest.forToken -- Time elapsed: 0 s
cpsc326.LexerTest.slashToken -- Time elapsed: 0.001 s
cpsc326.LexerTest.numberToken -- Time elapsed: 0 s
cpsc326.LexerTest.commaToken -- Time elapsed: 0 s
cpsc326.LexerTest.semicolonToken -- Time elapsed: 0 s
cpsc326.LexerTest.unexpectedCharacterReportsErrorAndScanningContinues -- Time elapsed: 0.001 s <<< FAILURE!
org.opentest4j.AssertionFailedError: expected: <true> but was: <false>
	at org.junit.jupiter.api.AssertionFailureBuilder.build(AssertionFailureBuilder.java:151)
	at org.junit.jupiter.api.AssertionFailureBuilder.buildAndThrow(AssertionFailureBuilder.java:132)
	at org.junit.jupiter.api.AssertTrue.failNotTrue(AssertTrue.java:63)
	at org.junit.jupiter.api.AssertTrue.assertTrue(AssertTrue.java:36)
	at org.junit.jupiter.api.AssertTrue.assertTrue(AssertTrue.java:31)
	at org.junit.jupiter.api.Assertions.assertTrue(Assertions.java:183)
	at cpsc326.LexerTest.unexpectedCharacterReportsErrorAndScanningContinues(LexerTest.java:510)
	at java.base/java.lang.reflect.Method.invoke(Method.java:565)
	at java.base/java.util.ArrayList.forEach(ArrayList.java:1604)
	at java.base/java.util.ArrayList.forEach(ArrayList.java:1604)

cpsc326.LexerTest.slashSlashIsTwoSlashTokensNotAComment -- Time elapsed: 0 s
cpsc326.LexerTest.commentsAndWhitespaceAreSkipped -- Time elapsed: 0.001 s
cpsc326.LexerTest.lessEqualToken -- Time elapsed: 0 s
cpsc326.LexerTest.dotToken -- Time elapsed: 0 s
cpsc326.LexerTest.trueToken -- Time elapsed: 0 s
cpsc326.LexerTest.funToken -- Time elapsed: 0 s
cpsc326.LexerTest.leftParenToken -- Time elapsed: 0 s
cpsc326.LexerTest.structToken -- Time elapsed: 0 s
cpsc326.LexerTest.whitespaceOnlyInputProducesOnlyEof -- Time elapsed: 0 s
cpsc326.LexerTest.numberFollowedByLettersSplitsIntoNumberAndIdentifier -- Time elapsed: 0.001 s
cpsc326.LexerTest.uppercaseLettersAreAcceptedInIdentifiers -- Time elapsed: 0 s
cpsc326.LexerTest.uppercaseKeywordLikeIdentifierRemainsIdentifier -- Time elapsed: 0 s
cpsc326.LexerTest.ifToken -- Time elapsed: 0 s
cpsc326.LexerTest.commentThenNewlineTracksNextLineCorrectly -- Time elapsed: 0.001 s
cpsc326.LexerTest.whileToken -- Time elapsed: 0 s
cpsc326.LexerTest.identifierMayContainUnderscoreAfterFirstCharacter -- Time elapsed: 0.001 s
cpsc326.LexerTest.minusToken -- Time elapsed: 0 s
cpsc326.LexerTest.identifiersThatContainKeywordsRemainIdentifiers -- Time elapsed: 0 s
cpsc326.LexerTest.equalEqualToken -- Time elapsed: 0.001 s
cpsc326.LexerTest.leftBraceToken -- Time elapsed: 0 s
cpsc326.LexerTest.multilineInputTracksLineNumbers -- Time elapsed: 0 s
cpsc326.LexerTest.identifierToken -- Time elapsed: 0 s
cpsc326.LexerTest.starToken -- Time elapsed: 0 s
