<?xml version="1.0" encoding="UTF-8"?>
<testsuite xmlns:xsi="http://www.w3.org/2001/XMLSchema-instance" xsi:noNamespaceSchemaLocation="https://maven.apache.org/surefire/maven-surefire-plugin/xsd/surefire-test-report.xsd" version="3.0.2" name="cpsc326.ParserTest" time="0.177" tests="50" errors="0" skipped="0" failures="3">
  <properties>
[...]
</properties>
  <testcase name="printsUnaryExpressions" classname="cpsc326.ParserTest" time="0.01"/>
  <testcase name="printsPrecedenceUsingPrefixNotation" classname="cpsc326.ParserTest" time="0.001"/>
  <testcase name="runtimeErrorForInvalidAdditionOperands" classname="cpsc326.ParserTest" time="0.003"/>
  <testcase name="runtimeErrorForSubtractionOnMixedTypes" classname="cpsc326.ParserTest" time="0.0"/>
  <testcase name="respectsComparisonBeforeEquality" classname="cpsc326.ParserTest" time="0.002"/>
  <testcase name="handlesCommentsAndWhitespaceDuringParse" classname="cpsc326.ParserTest" time="0.002"/>
  <testcase name="parsesPrimaryLiterals(String, String)[1]" classname="cpsc326.ParserTest" time="0.032"/>
  <testcase name="parsesPrimaryLiterals(String, String)[2]" classname="cpsc326.ParserTest" time="0.001"/>
  <testcase name="parsesPrimaryLiterals(String, String)[3]" classname="cpsc326.ParserTest" time="0.0"/>
  <testcase name="parsesPrimaryLiterals(String, String)[4]" classname="cpsc326.ParserTest" time="0.0"/>
  <testcase name="parsesPrimaryLiterals(String, String)[5]" classname="cpsc326.ParserTest" time="0.0"/>
  <testcase name="factorOperatorsAreLeftAssociative" classname="cpsc326.ParserTest" time="0.001"/>
  <testcase name="equalityOperatorsAreLeftAssociative" classname="cpsc326.ParserTest" time="0.0"/>
  <testcase name="reportsUnaryPlusAsInvalidPrimary" classname="cpsc326.ParserTest" time="0.005">
    <failure message="expected: &lt;null&gt; but was: &lt;[null]&gt;" type="org.opentest4j.AssertionFailedError"><![CDATA[org.opentest4j.AssertionFailedError: expected: <null> but was: <[null]>
	at org.junit.jupiter.api.AssertionFailureBuilder.build(AssertionFailureBuilder.java:151)
	at org.junit.jupiter.api.AssertionFailureBuilder.buildAndThrow(AssertionFailureBuilder.java:132)
	at org.junit.jupiter.api.AssertNull.failNotNull(AssertNull.java:50)
	at org.junit.jupiter.api.AssertNull.assertNull(AssertNull.java:35)
	at org.junit.jupiter.api.AssertNull.assertNull(AssertNull.java:30)
	at org.junit.jupiter.api.Assertions.assertNull(Assertions.java:279)
	at cpsc326.ParserTest.reportsUnaryPlusAsInvalidPrimary(ParserTest.java:209)
	at java.base/java.lang.reflect.Method.invoke(Method.java:565)
	at java.base/java.util.ArrayList.forEach(ArrayList.java:1604)
	at java.base/java.util.ArrayList.forEach(ArrayList.java:1604)
]]></failure>
  </testcase>
  <testcase name="evaluatesBooleanEqualityOutput" classname="cpsc326.ParserTest" time="0.001"/>
  <testcase name="respectsFactorPrecedenceOverTerm" classname="cpsc326.ParserTest" time="0.0"/>
  <testcase name="parsesSingleBinaryExpressions(String, String)[1]" classname="cpsc326.ParserTest" time="0.001"/>
  <testcase name="parsesSingleBinaryExpressions(String, String)[2]" classname="cpsc326.ParserTest" time="0.001"/>
  <testcase name="parsesSingleBinaryExpressions(String, String)[3]" classname="cpsc326.ParserTest" time="0.001"/>
  <testcase name="parsesSingleBinaryExpressions(String, String)[4]" classname="cpsc326.ParserTest" time="0.001"/>
  <testcase name="parsesSingleBinaryExpressions(String, String)[5]" classname="cpsc326.ParserTest" time="0.0"/>
  <testcase name="parsesSingleBinaryExpressions(String, String)[6]" classname="cpsc326.ParserTest" time="0.001"/>
  <testcase name="parsesSingleBinaryExpressions(String, String)[7]" classname="cpsc326.ParserTest" time="0.001"/>
  <testcase name="parsesSingleBinaryExpressions(String, String)[8]" classname="cpsc326.ParserTest" time="0.0"/>
  <testcase name="parsesSingleBinaryExpressions(String, String)[9]" classname="cpsc326.ParserTest" time="0.0"/>
  <testcase name="parsesSingleBinaryExpressions(String, String)[10]" classname="cpsc326.ParserTest" time="0.0"/>
  <testcase name="respectsParenthesesOverDefaultPrecedence" classname="cpsc326.ParserTest" time="0.0"/>
  <testcase name="termOperatorsAreLeftAssociative" classname="cpsc326.ParserTest" time="0.001"/>
  <testcase name="reportsUnexpectedTokenAtStart" classname="cpsc326.ParserTest" time="0.001">
    <failure message="expected: &lt;null&gt; but was: &lt;[null]&gt;" type="org.opentest4j.AssertionFailedError"><![CDATA[org.opentest4j.AssertionFailedError: expected: <null> but was: <[null]>
	at org.junit.jupiter.api.AssertionFailureBuilder.build(AssertionFailureBuilder.java:151)
	at org.junit.jupiter.api.AssertionFailureBuilder.buildAndThrow(AssertionFailureBuilder.java:132)
	at org.junit.jupiter.api.AssertNull.failNotNull(AssertNull.java:50)
	at org.junit.jupiter.api.AssertNull.assertNull(AssertNull.java:35)
	at org.junit.jupiter.api.AssertNull.assertNull(AssertNull.java:30)
	at org.junit.jupiter.api.Assertions.assertNull(Assertions.java:279)
	at cpsc326.ParserTest.reportsUnexpectedTokenAtStart(ParserTest.java:202)
	at java.base/java.lang.reflect.Method.invoke(Method.java:565)
	at java.base/java.util.ArrayList.forEach(ArrayList.java:1604)
	at java.base/java.util.ArrayList.forEach(ArrayList.java:1604)
]]></failure>
  </testcase>
  <testcase name="evaluatesExpressions(String, String)[1]" classname="cpsc326.ParserTest" time="0.001"/>
  <testcase name="evaluatesExpressions(String, String)[2]" classname="cpsc326.ParserTest" time="0.0"/>
  <testcase name="evaluatesExpressions(String, String)[3]" classname="cpsc326.ParserTest" time="0.0"/>
  <testcase name="evaluatesExpressions(String, String)[4]" classname="cpsc326.ParserTest" time="0.001"/>
  <testcase name="evaluatesExpressions(String, String)[5]" classname="cpsc326.ParserTest" time="0.0"/>
  <testcase name="evaluatesExpressions(String, String)[6]" classname="cpsc326.ParserTest" time="0.0"/>
  <testcase name="evaluatesExpressions(String, String)[7]" classname="cpsc326.ParserTest" time="0.001"/>
  <testcase name="evaluatesExpressions(String, String)[8]" classname="cpsc326.ParserTest" time="0.0"/>
  <testcase name="evaluatesExpressions(String, String)[9]" classname="cpsc326.ParserTest" time="0.001"/>
  <testcase name="parsesComplexMixedExpressionFromAssignmentStyleInput" classname="cpsc326.ParserTest" time="0.002"/>
  <testcase name="printsGroupingExplicitly" classname="cpsc326.ParserTest" time="0.001"/>
  <testcase name="reportsMissingRightParen" classname="cpsc326.ParserTest" time="0.002">
    <failure message="expected: &lt;null&gt; but was: &lt;[null]&gt;" type="org.opentest4j.AssertionFailedError"><![CDATA[org.opentest4j.AssertionFailedError: expected: <null> but was: <[null]>
	at org.junit.jupiter.api.AssertionFailureBuilder.build(AssertionFailureBuilder.java:151)
	at org.junit.jupiter.api.AssertionFailureBuilder.buildAndThrow(AssertionFailureBuilder.java:132)
	at org.junit.jupiter.api.AssertNull.failNotNull(AssertNull.java:50)
	at org.junit.jupiter.api.AssertNull.assertNull(AssertNull.java:35)
	at org.junit.jupiter.api.AssertNull.assertNull(AssertNull.java:30)
	at org.junit.jupiter.api.Assertions.assertNull(Assertions.java:279)
	at cpsc326.ParserTest.reportsMissingRightParen(ParserTest.java:187)
	at java.base/java.lang.reflect.Method.invoke(Method.java:565)
	at java.base/java.util.ArrayList.forEach(ArrayList.java:1604)
	at java.base/java.util.ArrayList.forEach(ArrayList.java:1604)
]]></failure>
  </testcase>
  <testcase name="runtimeErrorStoresTokenAndMessage" classname="cpsc326.ParserTest" time="0.001"/>
  <testcase name="parsesUnaryExpressions(String, String)[1]" classname="cpsc326.ParserTest" time="0.001"/>
  <testcase name="parsesUnaryExpressions(String, String)[2]" classname="cpsc326.ParserTest" time="0.001"/>
  <testcase name="runtimeErrorForNumericComparisonOnBoolean" classname="cpsc326.ParserTest" time="0.001"/>
  <testcase name="reportsEmptyInputAsExpectExpression" classname="cpsc326.ParserTest" time="0.0"/>
  <testcase name="printsComparisonInsideEquality" classname="cpsc326.ParserTest" time="0.0"/>
  <testcase name="stringifiesNilAsNil" classname="cpsc326.ParserTest" time="0.001"/>
  <testcase name="stringifiesWholeNumberDoubleWithoutDecimalSuffix" classname="cpsc326.ParserTest" time="0.001"/>
  <testcase name="runtimeErrorForUnaryMinusOnString" classname="cpsc326.ParserTest" time="0.0"/>
</testsuite>