<?xml version="1.0" encoding="UTF-8"?>
<testsuite xmlns:xsi="http://www.w3.org/2001/XMLSchema-instance" xsi:noNamespaceSchemaLocation="https://maven.apache.org/surefire/maven-surefire-plugin/xsd/surefire-test-report.xsd" version="3.0.2" name="cpsc326.LexerTest" time="0.145" tests="61" errors="0" skipped="0" failures="0">
  <properties>
[...]
</properties>
  <testcase name="commentOnlyInputProducesOnlyEof" classname="cpsc326.LexerTest" time="0.036"/>
  <testcase name="decimalEdgeCasesMatchCurrentImplementation" classname="cpsc326.LexerTest" time="0.001"/>
  <testcase name="underscoreCannotStartIdentifierInCurrentLexer" classname="cpsc326.LexerTest" time="0.003"/>
  <testcase name="bangToken" classname="cpsc326.LexerTest" time="0.001"/>
  <testcase name="unterminatedStringReportsErrorAndStillEndsWithEof" classname="cpsc326.LexerTest" time="0.001"/>
  <testcase name="bangEqualToken" classname="cpsc326.LexerTest" time="0.001"/>
  <testcase name="rightParenToken" classname="cpsc326.LexerTest" time="0.001"/>
  <testcase name="complexProgramTokenization" classname="cpsc326.LexerTest" time="0.0"/>
  <testcase name="stringToken" classname="cpsc326.LexerTest" time="0.0"/>
  <testcase name="returnToken" classname="cpsc326.LexerTest" time="0.001"/>
  <testcase name="plusToken" classname="cpsc326.LexerTest" time="0.0"/>
  <testcase name="greaterToken" classname="cpsc326.LexerTest" time="0.0"/>
  <testcase name="varToken" classname="cpsc326.LexerTest" time="0.001"/>
  <testcase name="orToken" classname="cpsc326.LexerTest" time="0.001"/>
  <testcase name="rightBraceToken" classname="cpsc326.LexerTest" time="0.0"/>
  <testcase name="doubleCharacterOperatorMatchingIsGreedy" classname="cpsc326.LexerTest" time="0.001"/>
  <testcase name="elseToken" classname="cpsc326.LexerTest" time="0.001"/>
  <testcase name="andToken" classname="cpsc326.LexerTest" time="0.0"/>
  <testcase name="falseToken" classname="cpsc326.LexerTest" time="0.0"/>
  <testcase name="identifierMayContainDigitsAfterFirstCharacter" classname="cpsc326.LexerTest" time="0.0"/>
  <testcase name="thisToken" classname="cpsc326.LexerTest" time="0.001"/>
  <testcase name="unterminatedMultilineStringReportsFinalLineAndStillEndsWithEof" classname="cpsc326.LexerTest" time="0.0"/>
  <testcase name="splitOperatorsWithWhitespaceStaySeparate" classname="cpsc326.LexerTest" time="0.0"/>
  <testcase name="eofTokenOnEmptyInput" classname="cpsc326.LexerTest" time="0.001"/>
  <testcase name="commentAtEndOfFileWithoutTrailingNewlineIsSkipped" classname="cpsc326.LexerTest" time="0.0"/>
  <testcase name="greaterEqualToken" classname="cpsc326.LexerTest" time="0.0"/>
  <testcase name="hashInsideStringDoesNotStartComment" classname="cpsc326.LexerTest" time="0.001"/>
  <testcase name="printToken" classname="cpsc326.LexerTest" time="0.0"/>
  <testcase name="multilineStringAdvancesLineCounter" classname="cpsc326.LexerTest" time="0.0"/>
  <testcase name="nilToken" classname="cpsc326.LexerTest" time="0.0"/>
  <testcase name="lessToken" classname="cpsc326.LexerTest" time="0.001"/>
  <testcase name="equalToken" classname="cpsc326.LexerTest" time="0.0"/>
  <testcase name="forToken" classname="cpsc326.LexerTest" time="0.0"/>
  <testcase name="slashToken" classname="cpsc326.LexerTest" time="0.0"/>
  <testcase name="numberToken" classname="cpsc326.LexerTest" time="0.0"/>
  <testcase name="commaToken" classname="cpsc326.LexerTest" time="0.0"/>
  <testcase name="semicolonToken" classname="cpsc326.LexerTest" time="0.0"/>
  <testcase name="unexpectedCharacterReportsErrorAndScanningContinues" classname="cpsc326.LexerTest" time="0.0"/>
  <testcase name="slashSlashIsTwoSlashTokensNotAComment" classname="cpsc326.LexerTest" time="0.001"/>
  <testcase name="commentsAndWhitespaceAreSkipped" classname="cpsc326.LexerTest" time="0.0"/>
  <testcase name="lessEqualToken" classname="cpsc326.LexerTest" time="0.0"/>
  <testcase name="dotToken" classname="cpsc326.LexerTest" time="0.0"/>
  <testcase name="trueToken" classname="cpsc326.LexerTest" time="0.001"/>
  <testcase name="funToken" classname="cpsc326.LexerTest" time="0.001"/>
  <testcase name="leftParenToken" classname="cpsc326.LexerTest" time="0.0"/>
  <testcase name="structToken" classname="cpsc326.LexerTest" time="0.0"/>
  <testcase name="whitespaceOnlyInputProducesOnlyEof" classname="cpsc326.LexerTest" time="0.001"/>
  <testcase name="numberFollowedByLettersSplitsIntoNumberAndIdentifier" classname="cpsc326.LexerTest" time="0.0"/>
  <testcase name="uppercaseLettersAreAcceptedInIdentifiers" classname="cpsc326.LexerTest" time="0.001"/>
  <testcase name="uppercaseKeywordLikeIdentifierRemainsIdentifier" classname="cpsc326.LexerTest" time="0.0"/>
  <testcase name="ifToken" classname="cpsc326.LexerTest" time="0.001"/>
  <testcase name="commentThenNewlineTracksNextLineCorrectly" classname="cpsc326.LexerTest" time="0.0"/>
  <testcase name="whileToken" classname="cpsc326.LexerTest" time="0.013"/>
  <testcase name="identifierMayContainUnderscoreAfterFirstCharacter" classname="cpsc326.LexerTest" time="0.003"/>
  <testcase name="minusToken" classname="cpsc326.LexerTest" time="0.001"/>
  <testcase name="identifiersThatContainKeywordsRemainIdentifiers" classname="cpsc326.LexerTest" time="0.001"/>
  <testcase name="equalEqualToken" classname="cpsc326.LexerTest" time="0.0"/>
  <testcase name="leftBraceToken" classname="cpsc326.LexerTest" time="0.0"/>
  <testcase name="multilineInputTracksLineNumbers" classname="cpsc326.LexerTest" time="0.0"/>
  <testcase name="identifierToken" classname="cpsc326.LexerTest" time="0.0"/>
  <testcase name="starToken" classname="cpsc326.LexerTest" time="0.0"/>
</testsuite>